  MJ_D3D11_BVTree.cpp
  MJ_D3D11_WorldMap.cpp
E:\PhysicsBasedRendering\d3d11_setup\MJ_D3D11_BVTree.h(19,10): warning C4099: 'BVtree::BvNode': 처음에는 'class'을(를) 사용하여 형식 이름을 표시했는데 이제는 'struct'을(를) 사용하여 표시합니다.
  (소스 파일 'MJ_D3D11_BVTree.cpp'을(를) 컴파일하는 중)
      E:\PhysicsBasedRendering\d3d11_setup\MJ_D3D11_BVTree.h(9,8):
      'BVtree::BvNode' 선언을 참조하십시오.
  
E:\PhysicsBasedRendering\d3d11_setup\MJ_D3D11_BVTree.h(20,10): warning C4099: 'BVtree::BvNode': 처음에는 'class'을(를) 사용하여 형식 이름을 표시했는데 이제는 'struct'을(를) 사용하여 표시합니다.
  (소스 파일 'MJ_D3D11_BVTree.cpp'을(를) 컴파일하는 중)
      E:\PhysicsBasedRendering\d3d11_setup\MJ_D3D11_BVTree.h(9,8):
      'BVtree::BvNode' 선언을 참조하십시오.
  
E:\PhysicsBasedRendering\d3d11_setup\MJ_D3D11_BVTree.h(19,10): warning C4099: 'BVtree::BvNode': 처음에는 'class'을(를) 사용하여 형식 이름을 표시했는데 이제는 'struct'을(를) 사용하여 표시합니다.
  (소스 파일 'MJ_D3D11_WorldMap.cpp'을(를) 컴파일하는 중)
      E:\PhysicsBasedRendering\d3d11_setup\MJ_D3D11_BVTree.h(9,8):
      'BVtree::BvNode' 선언을 참조하십시오.
  
E:\PhysicsBasedRendering\d3d11_setup\MJ_D3D11_BVTree.h(20,10): warning C4099: 'BVtree::BvNode': 처음에는 'class'을(를) 사용하여 형식 이름을 표시했는데 이제는 'struct'을(를) 사용하여 표시합니다.
  (소스 파일 'MJ_D3D11_WorldMap.cpp'을(를) 컴파일하는 중)
      E:\PhysicsBasedRendering\d3d11_setup\MJ_D3D11_BVTree.h(9,8):
      'BVtree::BvNode' 선언을 참조하십시오.
  
E:\PhysicsBasedRendering\d3d11_setup\MJ_D3D11_WorldMap.cpp(216,15): warning C4244: '초기화 중': 'double'에서 'float'(으)로 변환하면서 데이터가 손실될 수 있습니다.
E:\PhysicsBasedRendering\d3d11_setup\MJ_D3D11_WorldMap.cpp(235,14): warning C4101: 'normal' :참조되지 않은 지역 변수입니다.
E:\PhysicsBasedRendering\d3d11_setup\MJ_D3D11_WorldMap.cpp(234,14): warning C4101: 'rayPoint' :참조되지 않은 지역 변수입니다.
E:\PhysicsBasedRendering\d3d11_setup\MJ_D3D11_WorldMap.cpp(285,11): warning C4101: 'normal' :참조되지 않은 지역 변수입니다.
E:\PhysicsBasedRendering\d3d11_setup\MJ_D3D11_WorldMap.cpp(284,11): warning C4101: 'rayPoint' :참조되지 않은 지역 변수입니다.
  MJ_D3D11_Collision.cpp
  MJ_D3D11_BasicCam.cpp
  BmpFileIO.cpp
  MJ_D3D11_OBJLoader.cpp
E:\PhysicsBasedRendering\d3d11_setup\OBJFileIO.h(40,9): warning C4005: 'ERROR': 매크로 재정의
  (소스 파일 'MJ_D3D11_OBJLoader.cpp'을(를) 컴파일하는 중)
      C:\Program Files (x86)\Windows Kits\10\Include\10.0.26100.0\um\wingdi.h(118,9):
      'ERROR'의 이전 정의를 참조하십시오.
  
E:\PhysicsBasedRendering\d3d11_setup\MJ_D3D11_OBJLoader.cpp(105,48): warning C4018: '<': signed 또는 unsigned가 일치하지 않습니다.
E:\PhysicsBasedRendering\d3d11_setup\MJ_D3D11_OBJLoader.cpp(158,48): warning C4267: '=': 'size_t'에서 'UINT'(으)로 변환하면서 데이터가 손실될 수 있습니다.
E:\PhysicsBasedRendering\d3d11_setup\MJ_D3D11_OBJLoader.cpp(235,20): warning C4018: '<': signed 또는 unsigned가 일치하지 않습니다.
E:\PhysicsBasedRendering\d3d11_setup\MJ_D3D11_OBJLoader.cpp(240,21): warning C4018: '<': signed 또는 unsigned가 일치하지 않습니다.
E:\PhysicsBasedRendering\d3d11_setup\MJ_D3D11_OBJLoader.cpp(297,20): warning C4018: '<': signed 또는 unsigned가 일치하지 않습니다.
E:\PhysicsBasedRendering\d3d11_setup\MJ_D3D11_OBJLoader.cpp(300,29): warning C4018: '>': signed 또는 unsigned가 일치하지 않습니다.
E:\PhysicsBasedRendering\d3d11_setup\MJ_D3D11_OBJLoader.cpp(301,30): warning C4018: '>': signed 또는 unsigned가 일치하지 않습니다.
E:\PhysicsBasedRendering\d3d11_setup\MJ_D3D11_OBJLoader.cpp(309,20): warning C4018: '<': signed 또는 unsigned가 일치하지 않습니다.
E:\PhysicsBasedRendering\d3d11_setup\MJ_D3D11_OBJLoader.cpp(368,20): warning C4018: '<': signed 또는 unsigned가 일치하지 않습니다.
  OBJFileIO.cpp
E:\PhysicsBasedRendering\d3d11_setup\OBJFileIO.cpp(342,24): warning C4267: '+=': 'size_t'에서 'int'(으)로 변환하면서 데이터가 손실될 수 있습니다.
E:\PhysicsBasedRendering\d3d11_setup\OBJFileIO.cpp(497,12): warning C4018: '<': signed 또는 unsigned가 일치하지 않습니다.
  코드를 생성하고 있습니다...
  main.cpp
E:\PhysicsBasedRendering\d3d11_setup\OBJFileIO.h(40,9): warning C4005: 'ERROR': 매크로 재정의
  (소스 파일 'main.cpp'을(를) 컴파일하는 중)
      C:\Program Files (x86)\Windows Kits\10\Include\10.0.26100.0\um\wingdi.h(118,9):
      'ERROR'의 이전 정의를 참조하십시오.
  
E:\PhysicsBasedRendering\d3d11_setup\MJ_D3D11_BVTree.h(19,10): warning C4099: 'BVtree::BvNode': 처음에는 'class'을(를) 사용하여 형식 이름을 표시했는데 이제는 'struct'을(를) 사용하여 표시합니다.
  (소스 파일 'main.cpp'을(를) 컴파일하는 중)
      E:\PhysicsBasedRendering\d3d11_setup\MJ_D3D11_BVTree.h(9,8):
      'BVtree::BvNode' 선언을 참조하십시오.
  
E:\PhysicsBasedRendering\d3d11_setup\MJ_D3D11_BVTree.h(20,10): warning C4099: 'BVtree::BvNode': 처음에는 'class'을(를) 사용하여 형식 이름을 표시했는데 이제는 'struct'을(를) 사용하여 표시합니다.
  (소스 파일 'main.cpp'을(를) 컴파일하는 중)
      E:\PhysicsBasedRendering\d3d11_setup\MJ_D3D11_BVTree.h(9,8):
      'BVtree::BvNode' 선언을 참조하십시오.
  
E:\PhysicsBasedRendering\d3d11_setup\main.cpp(318,46): warning C4018: '<': signed 또는 unsigned가 일치하지 않습니다.
E:\PhysicsBasedRendering\d3d11_setup\main.cpp(536,16): warning C4244: 'return': 'WPARAM'에서 'int'(으)로 변환하면서 데이터가 손실될 수 있습니다.
E:\PhysicsBasedRendering\d3d11_setup\main.cpp(878,20): warning C4018: '<': signed 또는 unsigned가 일치하지 않습니다.
E:\PhysicsBasedRendering\d3d11_setup\main.cpp(883,21): warning C4018: '<': signed 또는 unsigned가 일치하지 않습니다.
  d3d11_setup.vcxproj -> E:\PhysicsBasedRendering\x64\Debug\d3d11_setup.exe
