e:\directx_practice\d3d11_setup\eastl-master\bin\debug\eastl.pdb
e:\directx_practice\d3d11_setup\eastl-master\bin\eastl.dir\debug\thread_support.obj
e:\directx_practice\d3d11_setup\eastl-master\bin\eastl.dir\debug\string.obj
e:\directx_practice\d3d11_setup\eastl-master\bin\eastl.dir\debug\red_black_tree.obj
e:\directx_practice\d3d11_setup\eastl-master\bin\eastl.dir\debug\numeric_limits.obj
e:\directx_practice\d3d11_setup\eastl-master\bin\eastl.dir\debug\intrusive_list.obj
e:\directx_practice\d3d11_setup\eastl-master\bin\eastl.dir\debug\hashtable.obj
e:\directx_practice\d3d11_setup\eastl-master\bin\eastl.dir\debug\fixed_pool.obj
e:\directx_practice\d3d11_setup\eastl-master\bin\eastl.dir\debug\atomic.obj
e:\directx_practice\d3d11_setup\eastl-master\bin\eastl.dir\debug\assert.obj
e:\directx_practice\d3d11_setup\eastl-master\bin\eastl.dir\debug\allocator_eastl.obj
e:\directx_practice\d3d11_setup\eastl-master\bin\cmakefiles\generate.stamp
e:\directx_practice\d3d11_setup\eastl-master\bin\debug\eastl.lib
e:\directx_practice\d3d11_setup\eastl-master\bin\eastl.dir\debug\eastl.tlog\cl.command.1.tlog
e:\directx_practice\d3d11_setup\eastl-master\bin\eastl.dir\debug\eastl.tlog\cl.items.tlog
e:\directx_practice\d3d11_setup\eastl-master\bin\eastl.dir\debug\eastl.tlog\cl.read.1.tlog
e:\directx_practice\d3d11_setup\eastl-master\bin\eastl.dir\debug\eastl.tlog\cl.write.1.tlog
e:\directx_practice\d3d11_setup\eastl-master\bin\eastl.dir\debug\eastl.tlog\custombuild.command.1.tlog
e:\directx_practice\d3d11_setup\eastl-master\bin\eastl.dir\debug\eastl.tlog\custombuild.read.1.tlog
e:\directx_practice\d3d11_setup\eastl-master\bin\eastl.dir\debug\eastl.tlog\custombuild.write.1.tlog
e:\directx_practice\d3d11_setup\eastl-master\bin\eastl.dir\debug\eastl.tlog\lib-link.read.1.tlog
e:\directx_practice\d3d11_setup\eastl-master\bin\eastl.dir\debug\eastl.tlog\lib-link.write.1.tlog
e:\directx_practice\d3d11_setup\eastl-master\bin\eastl.dir\debug\eastl.tlog\lib.command.1.tlog
